<?xml version="1.0" encoding="UTF-8"?>
<!-- Generated by org.testng.reporters.JUnitReportReporter -->
<testsuite hostname="user" failures="0" tests="1" name="com.testng.parse.ComplexParse" time="3.041" errors="0" timestamp="2022-02-22T22:02:54 IST" skipped="0">
  <testcase classname="com.testng.parse.ComplexParse" name="sumOfCourse" time="3.041"/>
  <system-out/>
</testsuite> <!-- com.testng.parse.ComplexParse -->
